0 info it worked if it ends with ok
1 verbose cli [ 'C:\\Program Files (x86)\\nodejs\\node.exe',
1 verbose cli   'C:\\Program Files (x86)\\nodejs\\node_modules\\npm\\bin\\npm-cli.js',
1 verbose cli   'run',
1 verbose cli   'build:static' ]
2 info using npm@3.10.10
3 info using node@v6.10.1
4 verbose run-script [ 'prebuild:static', 'build:static', 'postbuild:static' ]
5 info lifecycle rest-express@1.0.0~prebuild:static: rest-express@1.0.0
6 silly lifecycle rest-express@1.0.0~prebuild:static: no script for prebuild:static, continuing
7 info lifecycle rest-express@1.0.0~build:static: rest-express@1.0.0
8 verbose lifecycle rest-express@1.0.0~build:static: unsafe-perm in lifecycle true
9 verbose lifecycle rest-express@1.0.0~build:static: PATH: C:\Program Files (x86)\nodejs\node_modules\npm\bin\node-gyp-bin;C:\Users\User1\OneDrive - skillnetwork\Desktop\Oracle High Touch web page\OracleHTPortal\node_modules\.bin;C:\Windows\system32;C:\Windows;C:\Windows\System32\Wbem;C:\Windows\System32\WindowsPowerShell\v1.0\;C:\Windows\System32\OpenSSH\;C:\Program Files (x86)\nodejs\;C:\Program Files\MySQL\MySQL Server 8.0\bin;C:\Program Files\Git\cmd;C:\Program Files\MySQL\MySQL Shell 8.0\bin\;C:\Users\User1\AppData\Local\Programs\Python\Python313\Scripts\;C:\Users\User1\AppData\Local\Programs\Python\Python313\;C:\Users\User1\AppData\Local\Microsoft\WindowsApps;C:\Users\User1\AppData\Roaming\npm;C:\Users\User1\AppData\Local\Programs\Python\Python313\Scripts;C:\Users\User1\AppData\Local\Programs\Python\Python313;C:\Users\User1\AppData\Local\Programs\cursor\resources\app\bin
10 verbose lifecycle rest-express@1.0.0~build:static: CWD: C:\Users\User1\OneDrive - skillnetwork\Desktop\Oracle High Touch web page\OracleHTPortal
11 silly lifecycle rest-express@1.0.0~build:static: Args: [ '/d /s /c', 'vite build --config vite.static.config.ts' ]
12 silly lifecycle rest-express@1.0.0~build:static: Returned: code: 1  signal: null
13 info lifecycle rest-express@1.0.0~build:static: Failed to exec build:static script
14 verbose stack Error: rest-express@1.0.0 build:static: `vite build --config vite.static.config.ts`
14 verbose stack Exit status 1
14 verbose stack     at EventEmitter.<anonymous> (C:\Program Files (x86)\nodejs\node_modules\npm\lib\utils\lifecycle.js:255:16)
14 verbose stack     at emitTwo (events.js:106:13)
14 verbose stack     at EventEmitter.emit (events.js:191:7)
14 verbose stack     at ChildProcess.<anonymous> (C:\Program Files (x86)\nodejs\node_modules\npm\lib\utils\spawn.js:40:14)
14 verbose stack     at emitTwo (events.js:106:13)
14 verbose stack     at ChildProcess.emit (events.js:191:7)
14 verbose stack     at maybeClose (internal/child_process.js:886:16)
14 verbose stack     at Process.ChildProcess._handle.onexit (internal/child_process.js:226:5)
15 verbose pkgid rest-express@1.0.0
16 verbose cwd C:\Users\User1\OneDrive - skillnetwork\Desktop\Oracle High Touch web page\OracleHTPortal
17 error Windows_NT 10.0.19045
18 error argv "C:\\Program Files (x86)\\nodejs\\node.exe" "C:\\Program Files (x86)\\nodejs\\node_modules\\npm\\bin\\npm-cli.js" "run" "build:static"
19 error node v6.10.1
20 error npm  v3.10.10
21 error code ELIFECYCLE
22 error rest-express@1.0.0 build:static: `vite build --config vite.static.config.ts`
22 error Exit status 1
23 error Failed at the rest-express@1.0.0 build:static script 'vite build --config vite.static.config.ts'.
23 error Make sure you have the latest version of node.js and npm installed.
23 error If you do, this is most likely a problem with the rest-express package,
23 error not with npm itself.
23 error Tell the author that this fails on your system:
23 error     vite build --config vite.static.config.ts
23 error You can get information on how to open an issue for this project with:
23 error     npm bugs rest-express
23 error Or if that isn't available, you can get their info via:
23 error     npm owner ls rest-express
23 error There is likely additional logging output above.
24 verbose exit [ 1, true ]
